Using pre-set license
Built from '2020.3/staging' branch; Version is '2020.3.35f1 (18e4db7a9996) revision 1631451'; Using compiler version '192528614'; Build Type 'Release'
OS: 'Windows 11  (10.0.22621) 64bit Professional' Language: 'fr' Physical Memory: 7893 MB
BatchMode: 1, IsHumanControllingUs: 0, StartBugReporterOnCrash: 0, Is64bit: 1, IsPro: 0

COMMAND LINE ARGUMENTS:
C:\Program Files\Unity\Hub\Editor\2020.3.35f1\Editor\Unity.exe
-adb2
-batchMode
-noUpm
-name
AssetImportWorker0
-projectPath
C:/Users/33647/Desktop/AR-CAR-VIDEO-GAME/UnityFiles
-logFile
Logs/AssetImportWorker0.log
-srvPort
63308
Successfully changed project path to: C:/Users/33647/Desktop/AR-CAR-VIDEO-GAME/UnityFiles
C:/Users/33647/Desktop/AR-CAR-VIDEO-GAME/UnityFiles
Using Asset Import Pipeline V2.
Refreshing native plugins compatible for Editor in 50.76 ms, found 2 plugins.
Preloading 0 native plugins for Editor in 0.00 ms.
Initialize engine version: 2020.3.35f1 (18e4db7a9996)
[Subsystems] Discovering subsystems at path C:/Program Files/Unity/Hub/Editor/2020.3.35f1/Editor/Data/Resources/UnitySubsystems
[Subsystems] Discovering subsystems at path C:/Users/33647/Desktop/AR-CAR-VIDEO-GAME/UnityFiles/Assets
GfxDevice: creating device client; threaded=0
Direct3D:
    Version:  Direct3D 11.0 [level 11.1]
    Renderer: NVIDIA GeForce GTX 1650 with Max-Q Design (ID=0x1f9d)
    Vendor:   
    VRAM:     3965 MB
    Driver:   31.0.15.1748
Initialize mono
Mono path[0] = 'C:/Program Files/Unity/Hub/Editor/2020.3.35f1/Editor/Data/Managed'
Mono path[1] = 'C:/Program Files/Unity/Hub/Editor/2020.3.35f1/Editor/Data/MonoBleedingEdge/lib/mono/unityjit'
Mono config path = 'C:/Program Files/Unity/Hub/Editor/2020.3.35f1/Editor/Data/MonoBleedingEdge/etc'
Using monoOptions --debugger-agent=transport=dt_socket,embedding=1,server=y,suspend=n,address=127.0.0.1:56340
Begin MonoManager ReloadAssembly
Registering precompiled unity dll's ...
Register platform support module: C:/Program Files/Unity/Hub/Editor/2020.3.35f1/Editor/Data/PlaybackEngines/WindowsStandaloneSupport/UnityEditor.WindowsStandalone.Extensions.dll
Registered in 0.003517 seconds.
Native extension for WindowsStandalone target not found
Refreshing native plugins compatible for Editor in 68.78 ms, found 2 plugins.
Preloading 0 native plugins for Editor in 0.00 ms.
Mono: successfully reloaded assembly
- Completed reload, in  0.565 seconds
Domain Reload Profiling:
	ReloadAssembly (565ms)
		BeginReloadAssembly (81ms)
			ExecutionOrderSort (0ms)
			DisableScriptedObjects (0ms)
			BackupInstance (0ms)
			ReleaseScriptingObjects (0ms)
			CreateAndSetChildDomain (1ms)
		EndReloadAssembly (430ms)
			LoadAssemblies (80ms)
			RebuildTransferFunctionScriptingTraits (0ms)
			SetupTypeCache (125ms)
			ReleaseScriptCaches (0ms)
			RebuildScriptCaches (23ms)
			SetupLoadedEditorAssemblies (196ms)
				LogAssemblyErrors (0ms)
				InitializePlatformSupportModulesInManaged (3ms)
				SetLoadedEditorAssemblies (0ms)
				RefreshPlugins (69ms)
				BeforeProcessingInitializeOnLoad (11ms)
				ProcessInitializeOnLoadAttributes (87ms)
				ProcessInitializeOnLoadMethodAttributes (26ms)
				AfterProcessingInitializeOnLoad (0ms)
				EditorAssembliesLoaded (0ms)
			ExecutionOrderSort2 (0ms)
			AwakeInstancesAfterBackupRestoration (0ms)
Platform modules already initialized, skipping
Registering precompiled user dll's ...
Registered in 0.010608 seconds.
Begin MonoManager ReloadAssembly
Native extension for WindowsStandalone target not found
Refreshing native plugins compatible for Editor in 43.53 ms, found 2 plugins.
Preloading 0 native plugins for Editor in 0.00 ms.
Mono: successfully reloaded assembly
- Completed reload, in  0.908 seconds
Domain Reload Profiling:
	ReloadAssembly (909ms)
		BeginReloadAssembly (116ms)
			ExecutionOrderSort (0ms)
			DisableScriptedObjects (3ms)
			BackupInstance (0ms)
			ReleaseScriptingObjects (0ms)
			CreateAndSetChildDomain (19ms)
		EndReloadAssembly (746ms)
			LoadAssemblies (114ms)
			RebuildTransferFunctionScriptingTraits (0ms)
			SetupTypeCache (224ms)
			ReleaseScriptCaches (1ms)
			RebuildScriptCaches (37ms)
			SetupLoadedEditorAssemblies (282ms)
				LogAssemblyErrors (0ms)
				InitializePlatformSupportModulesInManaged (3ms)
				SetLoadedEditorAssemblies (0ms)
				RefreshPlugins (44ms)
				BeforeProcessingInitializeOnLoad (65ms)
				ProcessInitializeOnLoadAttributes (153ms)
				ProcessInitializeOnLoadMethodAttributes (15ms)
				AfterProcessingInitializeOnLoad (3ms)
				EditorAssembliesLoaded (0ms)
			ExecutionOrderSort2 (0ms)
			AwakeInstancesAfterBackupRestoration (1ms)
Platform modules already initialized, skipping
========================================================================
Worker process is ready to serve import requests
Launched and connected shader compiler UnityShaderCompiler.exe after 0.04 seconds
Refreshing native plugins compatible for Editor in 0.54 ms, found 2 plugins.
Preloading 0 native plugins for Editor in 0.00 ms.
Unloading 3161 Unused Serialized files (Serialized files now loaded: 0)
System memory in use before: 135.8 MB.
System memory in use after: 132.9 MB.

Unloading 55 unused Assets to reduce memory usage. Loaded Objects now: 3561.
Total: 4.964700 ms (FindLiveObjects: 0.522000 ms CreateObjectMapping: 0.233600 ms MarkObjects: 2.972600 ms  DeleteObjects: 1.235000 ms)

AssetImportParameters requested are different than current active one (requested -> active):
  custom:framework-win-MediaFoundation: 216162199b28c13a410421893ffa2e32 -> 
  custom:video-decoder-ogg-theora: a1e56fd34408186e4bbccfd4996cb3dc -> 
  custom:container-muxer-webm: aa71ff27fc2769a1b78a27578f13a17b -> 
  custom:container-demuxer-webm: 4f35f7cbe854078d1ac9338744f61a02 -> 
  custom:container-demuxer-ogg: 62fdf1f143b41e24485cea50d1cbac27 -> 
  custom:video-encoder-webm-vp8: eb34c28f22e8b96e1ab97ce403110664 -> 
  custom:video-decoder-webm-vp8: 9c59270c3fd7afecdb556c50c9e8de78 -> 
  custom:audio-decoder-ogg-vorbis: bf7c407c2cedff20999df2af8eb42d56 -> 
  custom:audio-encoder-webm-vorbis: bf7c407c2cedff20999df2af8eb42d56 -> 
========================================================================
Received Import Request.
  path: Assets/Nos fichiers/Prefabs/tutut bolide.prefab
  artifactKey: Guid(1a69847be14d44540a64d3812b674563) Importer(815301076,1909f56bfc062723c751e8b465ee728b)
Start importing Assets/Nos fichiers/Prefabs/tutut bolide.prefab using Guid(1a69847be14d44540a64d3812b674563) Importer(815301076,1909f56bfc062723c751e8b465ee728b)  -> (artifact id: '7c0d73ad19295dd2984836bb522433f6') in 0.217555 seconds 
========================================================================
Received Import Request.
  Time since last request: 18.872564 seconds.
  path: Assets/Nos fichiers/Prefabs/tutut bolide.prefab
  artifactKey: Guid(1a69847be14d44540a64d3812b674563) Importer(815301076,1909f56bfc062723c751e8b465ee728b)
Start importing Assets/Nos fichiers/Prefabs/tutut bolide.prefab using Guid(1a69847be14d44540a64d3812b674563) Importer(815301076,1909f56bfc062723c751e8b465ee728b)  -> (artifact id: '993dd40c18b85ea6973050817c7d77e3') in 0.020274 seconds 
========================================================================
Received Import Request.
  Time since last request: 5.142061 seconds.
  path: Assets/Nos fichiers/Prefabs/tutut bolide.prefab
  artifactKey: Guid(1a69847be14d44540a64d3812b674563) Importer(815301076,1909f56bfc062723c751e8b465ee728b)
Start importing Assets/Nos fichiers/Prefabs/tutut bolide.prefab using Guid(1a69847be14d44540a64d3812b674563) Importer(815301076,1909f56bfc062723c751e8b465ee728b)  -> (artifact id: '27e1274674d1654ce920dc4cafa94cf2') in 0.025003 seconds 
========================================================================
Received Import Request.
  Time since last request: 6.722450 seconds.
  path: Assets/Nos fichiers/Prefabs/tutut bolide.prefab
  artifactKey: Guid(1a69847be14d44540a64d3812b674563) Importer(815301076,1909f56bfc062723c751e8b465ee728b)
Start importing Assets/Nos fichiers/Prefabs/tutut bolide.prefab using Guid(1a69847be14d44540a64d3812b674563) Importer(815301076,1909f56bfc062723c751e8b465ee728b)  -> (artifact id: '62caecf76eea358d1b72004464e2cfba') in 0.020996 seconds 
========================================================================
Received Import Request.
  Time since last request: 52.980362 seconds.
  path: Assets/Nos fichiers/Prefabs/tutut bolide.prefab
  artifactKey: Guid(1a69847be14d44540a64d3812b674563) Importer(815301076,1909f56bfc062723c751e8b465ee728b)
Start importing Assets/Nos fichiers/Prefabs/tutut bolide.prefab using Guid(1a69847be14d44540a64d3812b674563) Importer(815301076,1909f56bfc062723c751e8b465ee728b)  -> (artifact id: '6f9cbcdde33bc8b8330a4cbe04f0115a') in 0.011518 seconds 
========================================================================
Received Import Request.
  Time since last request: 11.192069 seconds.
  path: Assets/Nos fichiers/Prefabs/tutut bolide.prefab
  artifactKey: Guid(1a69847be14d44540a64d3812b674563) Importer(815301076,1909f56bfc062723c751e8b465ee728b)
Start importing Assets/Nos fichiers/Prefabs/tutut bolide.prefab using Guid(1a69847be14d44540a64d3812b674563) Importer(815301076,1909f56bfc062723c751e8b465ee728b)  -> (artifact id: '01a0ba930b7c34e97ed0b22cb775630c') in 0.012937 seconds 
========================================================================
Received Import Request.
  Time since last request: 4.093946 seconds.
  path: Assets/Nos fichiers/Prefabs/tutut bolide.prefab
  artifactKey: Guid(1a69847be14d44540a64d3812b674563) Importer(815301076,1909f56bfc062723c751e8b465ee728b)
Start importing Assets/Nos fichiers/Prefabs/tutut bolide.prefab using Guid(1a69847be14d44540a64d3812b674563) Importer(815301076,1909f56bfc062723c751e8b465ee728b)  -> (artifact id: 'fa50e15b6eacc587d4853702dbba7523') in 0.016196 seconds 
========================================================================
Received Import Request.
  Time since last request: 1.714743 seconds.
  path: Assets/Nos fichiers/Prefabs/tutut bolide.prefab
  artifactKey: Guid(1a69847be14d44540a64d3812b674563) Importer(815301076,1909f56bfc062723c751e8b465ee728b)
Start importing Assets/Nos fichiers/Prefabs/tutut bolide.prefab using Guid(1a69847be14d44540a64d3812b674563) Importer(815301076,1909f56bfc062723c751e8b465ee728b)  -> (artifact id: 'bb50893b02f6d1b4bd1bee0f9aca5a13') in 0.011759 seconds 
========================================================================
Received Import Request.
  Time since last request: 6.441338 seconds.
  path: Assets/Nos fichiers/Prefabs/tutut bolide.prefab
  artifactKey: Guid(1a69847be14d44540a64d3812b674563) Importer(815301076,1909f56bfc062723c751e8b465ee728b)
Start importing Assets/Nos fichiers/Prefabs/tutut bolide.prefab using Guid(1a69847be14d44540a64d3812b674563) Importer(815301076,1909f56bfc062723c751e8b465ee728b)  -> (artifact id: 'dacbc70135e4ac0b93146f97bce14d87') in 0.018413 seconds 
========================================================================
Received Import Request.
  Time since last request: 3.482867 seconds.
  path: Assets/Nos fichiers/Prefabs/tutut bolide.prefab
  artifactKey: Guid(1a69847be14d44540a64d3812b674563) Importer(815301076,1909f56bfc062723c751e8b465ee728b)
Start importing Assets/Nos fichiers/Prefabs/tutut bolide.prefab using Guid(1a69847be14d44540a64d3812b674563) Importer(815301076,1909f56bfc062723c751e8b465ee728b)  -> (artifact id: 'f25d521a2343278b2eaed52fbaf4a23f') in 0.016470 seconds 
========================================================================
Received Prepare
Refreshing native plugins compatible for Editor in 5.71 ms, found 2 plugins.
Preloading 0 native plugins for Editor in 0.00 ms.
Unloading 47 Unused Serialized files (Serialized files now loaded: 0)
System memory in use before: 76.1 MB.
System memory in use after: 73.4 MB.

Unloading 46 unused Assets to reduce memory usage. Loaded Objects now: 3634.
Total: 5.816900 ms (FindLiveObjects: 0.281000 ms CreateObjectMapping: 0.096400 ms MarkObjects: 4.076500 ms  DeleteObjects: 1.361700 ms)

AssetImportParameters requested are different than current active one (requested -> active):
  custom:framework-win-MediaFoundation: 216162199b28c13a410421893ffa2e32 -> 
  custom:video-decoder-ogg-theora: a1e56fd34408186e4bbccfd4996cb3dc -> 
  custom:container-muxer-webm: aa71ff27fc2769a1b78a27578f13a17b -> 
  custom:container-demuxer-webm: 4f35f7cbe854078d1ac9338744f61a02 -> 
  custom:container-demuxer-ogg: 62fdf1f143b41e24485cea50d1cbac27 -> 
  custom:video-encoder-webm-vp8: eb34c28f22e8b96e1ab97ce403110664 -> 
  custom:video-decoder-webm-vp8: 9c59270c3fd7afecdb556c50c9e8de78 -> 
  custom:audio-decoder-ogg-vorbis: bf7c407c2cedff20999df2af8eb42d56 -> 
  custom:audio-encoder-webm-vorbis: bf7c407c2cedff20999df2af8eb42d56 -> 
========================================================================
Received Import Request.
  Time since last request: 689.453705 seconds.
  path: Assets/ARCADE - FREE Racing Car
  artifactKey: Guid(4ad69d6a863752448a5017a1b44b9ec4) Importer(815301076,1909f56bfc062723c751e8b465ee728b)
Start importing Assets/ARCADE - FREE Racing Car using Guid(4ad69d6a863752448a5017a1b44b9ec4) Importer(815301076,1909f56bfc062723c751e8b465ee728b)  -> (artifact id: '6a4944bf19aa5980d294d96002a3b3ba') in 0.022233 seconds 
AssetImportWorkerClient::OnTransportError - code=2 error=End of file
